<?xml version="1.0" encoding="UTF-8"?>
<!-- Generated by org.testng.reporters.JUnitReportReporter -->
<testsuite hostname="LAPTOP-KA6KLE0J" failures="0" tests="1" name="com.crm.testscript.CampaignModule" time="10.165" errors="0" timestamp="2024-03-04T14:16:49 IST" skipped="0">
  <testcase classname="com.crm.testscript.CampaignModule" name="testCampaignModule" time="10.165">
    <system-out>
      <![CDATA[campaign module]]>
    </system-out>
  </testcase> <!-- testCampaignModule -->
  <system-out>
    <![CDATA[campaign module]]>
  </system-out>
</testsuite> <!-- com.crm.testscript.CampaignModule -->
